TN:
SF:components\Button.class.tsx
FN:10,(anonymous_0)
FN:14,(anonymous_1)
FNF:2
FNH:2
FNDA:4,(anonymous_0)
FNDA:4,(anonymous_1)
DA:11,4
DA:15,4
DA:16,4
DA:17,4
DA:26,2
LF:5
LH:5
BRF:0
BRH:0
end_of_record
TN:
SF:services\storage.js
FN:5,(anonymous_0)
FN:18,(anonymous_1)
FN:32,(anonymous_2)
FN:36,(anonymous_3)
FNF:4
FNH:3
FNDA:1,(anonymous_0)
FNDA:2,(anonymous_1)
FNDA:1,(anonymous_2)
FNDA:0,(anonymous_3)
DA:5,1
DA:6,1
DA:7,1
DA:8,1
DA:9,1
DA:14,0
DA:18,1
DA:19,2
DA:20,2
DA:21,2
DA:22,0
DA:25,2
DA:27,0
DA:32,1
DA:33,1
DA:36,0
DA:37,0
LF:17
LH:12
BRDA:21,0,0,0
BRDA:21,0,1,2
BRF:2
BRH:1
end_of_record
